Сборка начата 22.06.2015 0:38:11.
     1>Проект "D:\Новая папка (2)\УЧЁБА (2)\DonNTU_program\VS\TrueConfTask2\TrueConfTask2\TrueConfTask2.vcxproj" в узле 2 (целевые объекты Build).
     1>Link:
         C:\Program Files\Microsoft Visual Studio 12.0\VC\bin\link.exe /ERRORREPORT:PROMPT /OUT:"D:\Новая папка (2)\УЧЁБА (2)\DonNTU_program\VS\TrueConfTask2\Debug\TrueConfTask2.exe" /INCREMENTAL /NOLOGO kernel32.lib user32.lib gdi32.lib winspool.lib comdlg32.lib advapi32.lib shell32.lib ole32.lib oleaut32.lib uuid.lib odbc32.lib odbccp32.lib /MANIFEST /MANIFESTUAC:"level='asInvoker' uiAccess='false'" /manifest:embed /DEBUG /PDB:"D:\Новая папка (2)\УЧЁБА (2)\DonNTU_program\VS\TrueConfTask2\Debug\TrueConfTask2.pdb" /SUBSYSTEM:CONSOLE /TLBID:1 /DYNAMICBASE /NXCOMPAT /IMPLIB:"D:\Новая папка (2)\УЧЁБА (2)\DonNTU_program\VS\TrueConfTask2\Debug\TrueConfTask2.lib" /MACHINE:X86 Debug\AcceptException.obj
         Debug\BindException.obj
         Debug\Client.obj
         Debug\CloseSocketException.obj
         Debug\ConnectException.obj
         Debug\FTPFileNameException.obj
         Debug\HostByNameException.obj
         Debug\InetPtonException.obj
         Debug\ListenException.obj
         Debug\MyFTP.obj
         Debug\MyFTPClient.obj
         Debug\MyFTPException.obj
         Debug\MyFTPServer.obj
         Debug\MyTCP.obj
         Debug\MyTCPClient.obj
         Debug\MyTCPException.obj
         Debug\MyTCPServer.obj
         Debug\RecieveException.obj
         Debug\SendException.obj
         Debug\SocketException.obj
         Debug\SocketOptionException.obj
         Debug\WSACleanupException.obj
         Debug\WSAStartupException.obj
         TrueConfTask2.vcxproj -> D:\Новая папка (2)\УЧЁБА (2)\DonNTU_program\VS\TrueConfTask2\Debug\TrueConfTask2.exe
     1>Сборка проекта "D:\Новая папка (2)\УЧЁБА (2)\DonNTU_program\VS\TrueConfTask2\TrueConfTask2\TrueConfTask2.vcxproj" завершена (целевые объекты Build).

Сборка успешно завершена.

Затраченное время: 00:00:03.15
