Сборка начата 21.06.2015 23:51:52.
     1>Проект "D:\Новая папка (2)\УЧЁБА (2)\DonNTU_program\VS\TrueConfTask2\Server\Server.vcxproj" в узле 2 (целевые объекты Build).
     1>Link:
         C:\Program Files\Microsoft Visual Studio 12.0\VC\bin\link.exe /ERRORREPORT:PROMPT /OUT:"D:\Новая папка (2)\УЧЁБА (2)\DonNTU_program\VS\TrueConfTask2\Debug\Server.exe" /INCREMENTAL /NOLOGO kernel32.lib user32.lib gdi32.lib winspool.lib comdlg32.lib advapi32.lib shell32.lib ole32.lib oleaut32.lib uuid.lib odbc32.lib odbccp32.lib /MANIFEST /MANIFESTUAC:"level='asInvoker' uiAccess='false'" /manifest:embed /DEBUG /PDB:"D:\Новая папка (2)\УЧЁБА (2)\DonNTU_program\VS\TrueConfTask2\Debug\Server.pdb" /SUBSYSTEM:CONSOLE /TLBID:1 /DYNAMICBASE /NXCOMPAT /IMPLIB:"D:\Новая папка (2)\УЧЁБА (2)\DonNTU_program\VS\TrueConfTask2\Debug\Server.lib" /MACHINE:X86 Debug\AcceptException.obj
         Debug\BindException.obj
         Debug\CloseSocketException.obj
         Debug\ConnectException.obj
         Debug\HostByNameException.obj
         Debug\InetPtonException.obj
         Debug\ListenException.obj
         Debug\Main.obj
         Debug\MyFTPServer.obj
         Debug\MyTCP.obj
         Debug\MyTCPException.obj
         Debug\MyTCPServer.obj
         Debug\RecieveException.obj
         Debug\SendException.obj
         Debug\SocketException.obj
         Debug\SocketOptionException.obj
         Debug\WSACleanupException.obj
         Debug\WSAStartupException.obj
         Server.vcxproj -> D:\Новая папка (2)\УЧЁБА (2)\DonNTU_program\VS\TrueConfTask2\Debug\Server.exe
     1>Сборка проекта "D:\Новая папка (2)\УЧЁБА (2)\DonNTU_program\VS\TrueConfTask2\Server\Server.vcxproj" завершена (целевые объекты Build).

Сборка успешно завершена.

Затраченное время: 00:00:02.35
